2023-05-19 23:05:680 INFO  HomePage :59 - Clicking on Accept Cookies : [[ChromeDriver: chrome on WINDOWS (3f735b7bcbdd04131df3b2cfb7c58773)] -> xpath: //*[contains(text(),'Accept')]]
2023-05-19 23:05:924 INFO  HomePage :59 - Clicking on Accept Cookies : [[ChromeDriver: chrome on WINDOWS (feb70d2c6574c1ae97205edae0f1d1cc)] -> xpath: //*[contains(text(),'Accept')]]
2023-05-19 23:05:721 INFO  HomePage :59 - Clicking on Accept Cookies : [[ChromeDriver: chrome on WINDOWS (d1c4bc79aeed569c94567bd898c076d4)] -> xpath: //*[contains(text(),'Accept')]]
2023-05-19 23:05:307 INFO  HomePage :59 - Clicking on Accept Cookies : [[ChromeDriver: chrome on WINDOWS (59a956a099a9990341fe6d324248e8c4)] -> xpath: //*[contains(text(),'Accept')]]
2023-05-19 23:05:840 INFO  HomePage :59 - Clicking on Accept Cookies : [[ChromeDriver: chrome on WINDOWS (ff96776cfd8081f8addc386972fddcb0)] -> xpath: //*[contains(text(),'Accept')]]
2023-05-19 23:05:848 INFO  HomePage :59 - Clicking on Accept Cookies : [[ChromeDriver: chrome on WINDOWS (e33773f40160948af980e37a366461c0)] -> xpath: //*[contains(text(),'Accept')]]
2023-05-19 23:05:22 INFO  HomePage :59 - Clicking on Accept Cookies : [[ChromeDriver: chrome on WINDOWS (0566260f339bcea2a5be3cbecc2819b2)] -> xpath: //*[contains(text(),'Accept')]]
2023-05-19 23:05:935 INFO  HomePage :59 - Clicking on Accept Cookies : [[ChromeDriver: chrome on WINDOWS (bee7260f3f0099a73340e5ec21dea328)] -> xpath: //*[contains(text(),'Accept')]]
2023-05-19 23:05:100 INFO  HomePage :59 - Clicking on Accept Cookies : [[ChromeDriver: chrome on WINDOWS (ed21c274b582dd6fa4c1cef09f731b6e)] -> xpath: //*[contains(text(),'Accept')]]
2023-05-19 23:05:941 INFO  HomePage :59 - Clicking on Accept Cookies : [[ChromeDriver: chrome on WINDOWS (a92672eb8a10f5e6aaf383645040f8db)] -> xpath: //*[contains(text(),'Accept')]]
2023-05-19 23:05:819 INFO  HomePage :59 - Clicking on Accept Cookies : [[ChromeDriver: chrome on WINDOWS (695eb1dc572da770c07108d566adad3b)] -> xpath: //*[contains(text(),'Accept')]]
2023-05-19 23:05:250 INFO  HomePage :59 - Clicking on Accept Cookies : [[ChromeDriver: chrome on WINDOWS (ad47caf25fca09e89d2fc8080473d14f)] -> xpath: //*[contains(text(),'Accept')]]
2023-05-19 23:05:80 INFO  HomePage :59 - Clicking on Accept Cookies : [[ChromeDriver: chrome on WINDOWS (9b866071549571784793f3d9e4d7cee3)] -> xpath: //*[contains(text(),'Accept')]]
2023-05-19 23:05:197 INFO  HomePage :64 - Sending keywords : Tester to [[ChromeDriver: chrome on WINDOWS (9b866071549571784793f3d9e4d7cee3)] -> xpath: //input[@id='keywords']]
2023-05-19 23:05:726 INFO  HomePage :69 - Sending Location : Harrow to [[ChromeDriver: chrome on WINDOWS (9b866071549571784793f3d9e4d7cee3)] -> xpath: //input[@id='location']]
2023-05-19 23:05:888 INFO  HomePage :74 - Selecting distance : 5 from [[ChromeDriver: chrome on WINDOWS (9b866071549571784793f3d9e4d7cee3)] -> xpath: //select[@id='distance']]
2023-05-19 23:05:01 INFO  HomePage :79 - Clicking on More options : [[ChromeDriver: chrome on WINDOWS (9b866071549571784793f3d9e4d7cee3)] -> xpath: //button[@id='toggle-hp-search']]
2023-05-19 23:05:239 INFO  HomePage :84 - Sending Min Salary : 30000 to [[ChromeDriver: chrome on WINDOWS (9b866071549571784793f3d9e4d7cee3)] -> xpath: //input[@id='salarymin']]
2023-05-19 23:05:356 INFO  HomePage :89 - Sending Max Salary : 500000 to [[ChromeDriver: chrome on WINDOWS (9b866071549571784793f3d9e4d7cee3)] -> xpath: //input[@id='salarymax']]
2023-05-19 23:05:429 INFO  HomePage :94 - Selecting Salary Types : annum from [[ChromeDriver: chrome on WINDOWS (9b866071549571784793f3d9e4d7cee3)] -> xpath: //select[@id='salarytype']]
2023-05-19 23:05:546 INFO  HomePage :99 - Selecting Job Types : Permanent to [[ChromeDriver: chrome on WINDOWS (9b866071549571784793f3d9e4d7cee3)] -> xpath: //select[@id='tempperm']]
2023-05-19 23:05:657 INFO  HomePage :104 - Click on Find Jobs : [[ChromeDriver: chrome on WINDOWS (9b866071549571784793f3d9e4d7cee3)] -> xpath: //input[@id='hp-search-btn']]
2023-05-19 23:05:198 INFO  ResultPage :22 - Verifying Results : Permanent Tester jobs in Harrow on the Hill from [[ChromeDriver: chrome on WINDOWS (9b866071549571784793f3d9e4d7cee3)] -> xpath: //h1[@class='search-header__title']]
2023-05-19 23:05:641 INFO  HomePage :59 - Clicking on Accept Cookies : [[ChromeDriver: chrome on WINDOWS (b25c2d79908ee79c16e1692a7af48b11)] -> xpath: //*[contains(text(),'Accept')]]
2023-05-19 23:05:177 INFO  HomePage :64 - Sending keywords : Tester to [[ChromeDriver: chrome on WINDOWS (b25c2d79908ee79c16e1692a7af48b11)] -> xpath: //input[@id='keywords']]
2023-05-19 23:05:349 INFO  HomePage :69 - Sending Location : Harrow to [[ChromeDriver: chrome on WINDOWS (b25c2d79908ee79c16e1692a7af48b11)] -> xpath: //input[@id='location']]
2023-05-19 23:05:511 INFO  HomePage :74 - Selecting distance : 5 from [[ChromeDriver: chrome on WINDOWS (b25c2d79908ee79c16e1692a7af48b11)] -> xpath: //select[@id='distance']]
2023-05-19 23:05:624 INFO  HomePage :79 - Clicking on More options : [[ChromeDriver: chrome on WINDOWS (b25c2d79908ee79c16e1692a7af48b11)] -> xpath: //button[@id='toggle-hp-search']]
2023-05-19 23:05:857 INFO  HomePage :84 - Sending Min Salary : 30000 to [[ChromeDriver: chrome on WINDOWS (b25c2d79908ee79c16e1692a7af48b11)] -> xpath: //input[@id='salarymin']]
2023-05-19 23:05:984 INFO  HomePage :89 - Sending Max Salary : 500000 to [[ChromeDriver: chrome on WINDOWS (b25c2d79908ee79c16e1692a7af48b11)] -> xpath: //input[@id='salarymax']]
2023-05-19 23:05:90 INFO  HomePage :94 - Selecting Salary Types : annum from [[ChromeDriver: chrome on WINDOWS (b25c2d79908ee79c16e1692a7af48b11)] -> xpath: //select[@id='salarytype']]
2023-05-19 23:05:257 INFO  HomePage :99 - Selecting Job Types : Permanent to [[ChromeDriver: chrome on WINDOWS (b25c2d79908ee79c16e1692a7af48b11)] -> xpath: //select[@id='tempperm']]
2023-05-19 23:05:394 INFO  HomePage :104 - Click on Find Jobs : [[ChromeDriver: chrome on WINDOWS (b25c2d79908ee79c16e1692a7af48b11)] -> xpath: //input[@id='hp-search-btn']]
2023-05-19 23:05:87 INFO  ResultPage :22 - Verifying Results : Permanent Tester jobs in Harrow on the Hill from [[ChromeDriver: chrome on WINDOWS (b25c2d79908ee79c16e1692a7af48b11)] -> xpath: //h1[@class='search-header__title']]
2023-05-19 23:05:201 INFO  HomePage :59 - Clicking on Accept Cookies : [[ChromeDriver: chrome on WINDOWS (5caf0e412147059a80fde4a7b62ed0cc)] -> xpath: //*[contains(text(),'Accept')]]
